<?xml version="1.0" encoding="UTF-8"?>
<!-- Generated by org.testng.reporters.JUnitReportReporter -->
<testsuite hostname="HP" failures="0" tests="1" name="Testcases.Test1" time="1.878" errors="0" timestamp="2023-08-21T23:39:00 IST" skipped="0">
  <testcase classname="Testcases.Test1" name="helper5" time="1.878"/>
</testsuite> <!-- Testcases.Test1 -->
