<?xml version="1.0" encoding="UTF-8"?>
<!-- Generated by org.testng.reporters.JUnitReportReporter -->
<testsuite hostname="HP" failures="0" tests="1" name="TestHelloWorld" time="0.005" errors="0" timestamp="2023-08-21T14:24:23 IST" skipped="0">
  <testcase classname="TestHelloWorld" name="testHello" time="0.005"/>
</testsuite> <!-- TestHelloWorld -->
